<?xml version="1.0" encoding="UTF-8"?>
<!-- Generated by org.testng.reporters.JUnitXMLReporter -->
<testsuite hostname="ABP-2606555" ignored="0" name="Interaction Send" tests="3" failures="0" timestamp="22 Jan 2025 09:42:32 GMT" time="91.695" errors="0">
  <testcase name="login" time="1.605" classname="abpw.testCases.TC_Interaction_Send"/>
  <testcase name="view_profile" time="10.36" classname="abpw.testCases.TC_Interaction_Send"/>
  <testcase name="interaction_send" time="61.443" classname="abpw.testCases.TC_Interaction_Send"/>
</testsuite> <!-- Interaction Send -->
