<?xml version="1.0" encoding="UTF-8"?>
<!-- Generated by org.testng.reporters.JUnitXMLReporter -->
<testsuite hostname="ABP-2606555" ignored="0" name="View Profile" tests="5" failures="0" timestamp="22 Jan 2025 09:41:00 GMT" time="31.872" errors="0">
  <testcase name="login" time="3.367" classname="abpw.testCases.TC_View_Profile"/>
  <testcase name="search_for_view_profile" time="8.857" classname="abpw.testCases.TC_View_Profile"/>
  <testcase name="verify_view_profile_occupation" time="0.072" classname="abpw.testCases.TC_View_Profile"/>
  <testcase name="verify_view_profile_Highesteducation" time="0.02" classname="abpw.testCases.TC_View_Profile"/>
  <testcase name="verify_view_profile_Disabilities" time="0.02" classname="abpw.testCases.TC_View_Profile"/>
</testsuite> <!-- View Profile -->
