<?xml version="1.0" encoding="UTF-8"?>
<testng-results ignored="0" total="2" passed="2" failed="0" skipped="0">
  <reporter-output>
  </reporter-output>
  <suite started-at="2025-07-08T15:56:56 IST" name="Suite" finished-at="2025-07-08T15:57:36 IST" duration-ms="39736">
    <groups>
    </groups>
    <test started-at="2025-07-08T15:56:56 IST" name="Test" finished-at="2025-07-08T15:57:36 IST" duration-ms="39736">
      <class name="abpw.testCases.TC_Delete_Profile">
        <test-method is-config="true" signature="Read_Excel_From_Profiles_Sheet()[pri:0, instance:abpw.testCases.TC_Delete_Profile@74fe5c40]" started-at="2025-07-08T15:56:56 IST" name="Read_Excel_From_Profiles_Sheet" finished-at="2025-07-08T15:56:57 IST" duration-ms="480" status="PASS">
          <reporter-output>
          </reporter-output>
        </test-method> <!-- Read_Excel_From_Profiles_Sheet -->
        <test-method is-config="true" signature="browserSetUp_new()[pri:0, instance:abpw.testCases.TC_Delete_Profile@74fe5c40]" started-at="2025-07-08T15:56:57 IST" name="browserSetUp_new" finished-at="2025-07-08T15:57:05 IST" duration-ms="8246" status="PASS">
          <reporter-output>
          </reporter-output>
        </test-method> <!-- browserSetUp_new -->
        <test-method signature="login()[pri:1, instance:abpw.testCases.TC_Delete_Profile@74fe5c40]" started-at="2025-07-08T15:57:05 IST" name="login" finished-at="2025-07-08T15:57:06 IST" duration-ms="1097" status="PASS">
          <reporter-output>
          </reporter-output>
        </test-method> <!-- login -->
        <test-method signature="delete_profile()[pri:2, instance:abpw.testCases.TC_Delete_Profile@74fe5c40]" started-at="2025-07-08T15:57:06 IST" name="delete_profile" finished-at="2025-07-08T15:57:36 IST" duration-ms="29887" status="PASS">
          <reporter-output>
          </reporter-output>
        </test-method> <!-- delete_profile -->
        <test-method is-config="true" signature="tearDown()[pri:0, instance:abpw.testCases.TC_Delete_Profile@74fe5c40]" started-at="2025-07-08T15:57:36 IST" name="tearDown" finished-at="2025-07-08T15:57:36 IST" duration-ms="0" status="PASS">
          <reporter-output>
          </reporter-output>
        </test-method> <!-- tearDown -->
      </class> <!-- abpw.testCases.TC_Delete_Profile -->
    </test> <!-- Test -->
  </suite> <!-- Suite -->
</testng-results>
