<?xml version="1.0" encoding="UTF-8"?>
<testsuite xmlns:xsi="http://www.w3.org/2001/XMLSchema-instance" xsi:noNamespaceSchemaLocation="https://maven.apache.org/surefire/maven-surefire-plugin/xsd/surefire-test-report.xsd" version="3.0.2" name="TestSuite" time="40.375" tests="2" errors="0" skipped="0" failures="0">
  <properties>
[...]
</properties>
  <testcase name="login" classname="abpw.testCases.TC_Delete_Profile" time="1.098">
    <system-out><![CDATA[ INFO [main] (TC_Delete_Profile.java:30)- ====================> Login <===========================
 INFO [main] (TC_Delete_Profile.java:39)- Login successfully for Plan Purchase
]]></system-out>
    <system-err><![CDATA[SLF4J: Failed to load class "org.slf4j.impl.StaticLoggerBinder".
SLF4J: Defaulting to no-operation (NOP) logger implementation
SLF4J: See http://www.slf4j.org/codes.html#StaticLoggerBinder for further details.
Jul 08, 2025 3:56:57 PM org.openqa.selenium.remote.DesiredCapabilities firefox
INFO: Using `new FirefoxOptions()` is preferred to `DesiredCapabilities.firefox()`
1751970417936	geckodriver	INFO	Listening on 127.0.0.1:38931
1751970418152	mozrunner::runner	INFO	Running command: "C:\\Program Files\\Mozilla Firefox\\firefox.exe" "--marionette" "-no-remote" "-profile" "C:\\Users\\SUMAND~1\\AppData\\Local\\Temp\\rust_mozprofilefoXbmJ"
console.warn: services.settings: Ignoring preference override of remote settings server
console.warn: services.settings: Allow by setting MOZ_REMOTE_SETTINGS_DEVTOOLS=1 in the environment
1751970418717	Marionette	INFO	Marionette enabled
Dynamically enable window occlusion 0
1751970419190	Marionette	INFO	Listening on port 58846
Read port: 58846
1751970419334	RemoteAgent	WARN	TLS certificate errors will be ignored for this session
console.error: CustomizableUI: 
  Could not localize property 'fxms-bmb-button.tooltiptext'.
Jul 08, 2025 3:57:00 PM org.openqa.selenium.remote.ProtocolHandshake createSession
INFO: Detected dialect: W3C
console.warn: LoginRecipes: "Falling back to a synchronous message for: https://testfiles.abpweddings.com."
]]></system-err>
  </testcase>
  <testcase name="delete_profile" classname="abpw.testCases.TC_Delete_Profile" time="29.882">
    <system-err><![CDATA[console.warn: LoginRecipes: "Falling back to a synchronous message for: https://testfiles.abpweddings.com."
JavaScript error: https://testfiles.abpweddings.com/bundle.66b44af07e4009c17d6b.js, line 2: ReferenceError: callEventsForengagement is not defined
]]></system-err>
  </testcase>
</testsuite>